(---------------------------------------------------------------------)
(                                                                     )
(    Allegro Netrev Import Logic                                      )
(                                                                     )
(    Drawing          : three_phase_inverter.brd                      )
(    Software Version : 24.1P001                                      )
(    Date/Time        : Tue Apr 28 11:24:00 2026                      )
(                                                                     )
(---------------------------------------------------------------------)


------ Directives ------------

Ripup etch:                  No
Ripup delete first segment:  No
Ripup retain bondwire:       No
Ripup symbols:               Always
Missing symbol has error:    No
DRC update:                  Yes
Schematic directory:         '.'
Design Directory:            'C:/Users/bmp43/OneDrive - University of Bath/year 2 labs/synthesis/inverter/PCB/allegro'
Old design name:             'C:/Users/bmp43/OneDrive - University of Bath/year 2 labs/synthesis/inverter/PCB/allegro/three_phase_inverter.brd'
New design name:             'C:/Users/bmp43/OneDrive - University of Bath/year 2 labs/synthesis/inverter/PCB/allegro/three_phase_inverter.brd'

CmdLine: netrev -y 1 -q netrev_constraint_report.xml C:/Users/bmp43/OneDrive - University of Bath/year 2 labs/synthesis/inverter/PCB/allegro/#Taaaaim10564.tmp

------ Preparing to read pst files ------

Starting to read ./pstchip.dat 
   Finished reading ./pstchip.dat (00:00:00.01)
Starting to read ./pstxprt.dat 
   Finished reading ./pstxprt.dat (00:00:00.00)
Starting to read ./pstxnet.dat 
   Finished reading ./pstxnet.dat (00:00:00.00)

------ Oversights/Warnings/Errors ------


#1   WARNING(SPMHNI-192): Device/Symbol check warning detected. [help]

WARNING(SPMHNI-194): Symbol 'DIOAD1036W78L470D235' used by RefDes D7 for device '1N4099_DIOAD1036W78L470D235_1N4099' not found. 
The symbol either does not exist in the library path (PSMPATH) or is an old symbol from a previous release.  

Set the correct library path if not set or use dbdoctor to m

------ Library Paths ------
MODULEPATH =  . 
           c:/cadence/spb_24.1-silent/share/local/pcb/modules 

PSMPATH =  . 
           symbols 
           .. 
           ../symbols 
           c:/cadence/spb_24.1-silent/share/local/pcb/symbols 
           c:/cadence/spb_24.1-silent/share/pcb/pcb_lib/symbols 
           c:/cadence/spb_24.1-silent/share/pcb/allegrolib/symbols 

PADPATH =  . 
           symbols 
           .. 
           ../symbols 
           c:/cadence/spb_24.1-silent/share/local/pcb/padstacks 
           c:/cadence/spb_24.1-silent/share/pcb/pcb_lib/symbols 
           c:/cadence/spb_24.1-silent/share/pcb/allegrolib/symbols 


------ Summary Statistics ------


netrev run on Apr 28 11:24:00 2026
   DESIGN NAME : 'THREE_PHASE_INVERTER'
   PACKAGING ON Sep  4 2024 20:54:11

   COMPILE 'logic'
   CHECK_PIN_NAMES OFF
   CROSS_REFERENCE OFF
   FEEDBACK OFF
   INCREMENTAL OFF
   INTERFACE_TYPE PHYSICAL
   MAX_ERRORS 500
   MERGE_MINIMUM 5
   NET_NAME_CHARS '#%&()*+-./:=>?@[]^_`|'
   NET_NAME_LENGTH 24
   OVERSIGHTS ON
   REPLACE_CHECK OFF
   SINGLE_NODE_NETS ON
   SPLIT_MINIMUM 0
   SUPPRESS   20
   WARNINGS ON

 No error detected
 No oversight detected
  1 warnings detected

cpu time      0:00:33
elapsed time  0:00:00

